<?xml version="1.0" encoding="UTF-8"?>
<!-- Generated by org.testng.reporters.JUnitReportReporter -->
<testsuite hostname="PSSLDELAS2173" failures="0" tests="4" name="dummyTest.TestNgTest" time="0.012" errors="0" timestamp="2023-04-11T15:02:12 IST" skipped="0">
  <testcase classname="dummyTest.TestNgTest" name="TC001" time="0.007"/>
  <system-out/>
  <testcase classname="dummyTest.TestNgTest" name="TC005" time="0.002"/>
  <system-out/>
  <testcase classname="dummyTest.TestNgTest" name="TC002" time="0.001"/>
  <system-out/>
  <testcase classname="dummyTest.TestNgTest" name="TC003" time="0.002"/>
  <system-out/>
</testsuite> <!-- dummyTest.TestNgTest -->
